# JRE version: Java(TM) SE Runtime Environment (8.0_25-b18) (build 1.8.0_25-b18)
# Java VM: Java HotSpot(TM) 64-Bit Server VM (25.25-b02 mixed mode windows-amd64 compressed oops)
Heap:
 PSYoungGen      total 50176K, used 24326K [0x00000007bc400000, 0x00000007c0000000, 0x00000007c0000000)
  eden space 39936K, 41% used [0x00000007bc400000,0x00000007bd418208,0x00000007beb00000)
  from space 10240K, 76% used [0x00000007bf600000,0x00000007bfda9748,0x00000007c0000000)
  to   space 10752K, 0% used [0x00000007beb00000,0x00000007beb00000,0x00000007bf580000)
 ParOldGen       total 236032K, used 59385K [0x0000000700000000, 0x000000070e680000, 0x00000007bc400000)
  object space 236032K, 25% used [0x0000000700000000,0x00000007039fe580,0x000000070e680000)
 Metaspace       used 54839K, capacity 55191K, committed 55680K, reserved 1097728K
  class space    used 7620K, capacity 7704K, committed 7808K, reserved 1048576K
GC Heap History (10 events):
Event: 12398.603 GC heap before
{Heap before GC invocations=113 (full 13):
 PSYoungGen      total 50688K, used 50687K [0x00000007bc400000, 0x00000007c0000000, 0x00000007c0000000)
  eden space 44032K, 100% used [0x00000007bc400000,0x00000007bef00000,0x00000007bef00000)
  from space 6656K, 99% used [0x00000007bef00000,0x00000007bf57fda0,0x00000007bf580000)
  to   space 9216K, 0% used [0x00000007bf700000,0x00000007bf700000,0x00000007c0000000)
 ParOldGen       total 236032K, used 58296K [0x0000000700000000, 0x000000070e680000, 0x00000007bc400000)
  object space 236032K, 24% used [0x0000000700000000,0x00000007038ee2a0,0x000000070e680000)
 Metaspace       used 54748K, capacity 55127K, committed 55680K, reserved 1097728K
  class space    used 7620K, capacity 7704K, committed 7808K, reserved 1048576K
Event: 12398.608 GC heap after
Heap after GC invocations=113 (full 13):
 PSYoungGen      total 52224K, used 6595K [0x00000007bc400000, 0x00000007c0000000, 0x00000007c0000000)
  eden space 43008K, 0% used [0x00000007bc400000,0x00000007bc400000,0x00000007bee00000)
  from space 9216K, 71% used [0x00000007bf700000,0x00000007bfd70ff8,0x00000007c0000000)
  to   space 9216K, 0% used [0x00000007bee00000,0x00000007bee00000,0x00000007bf700000)
 ParOldGen       total 236032K, used 58296K [0x0000000700000000, 0x000000070e680000, 0x00000007bc400000)
  object space 236032K, 24% used [0x0000000700000000,0x00000007038ee2a0,0x000000070e680000)
 Metaspace       used 54748K, capacity 55127K, committed 55680K, reserved 1097728K
  class space    used 7620K, capacity 7704K, committed 7808K, reserved 1048576K
}
Event: 12402.900 GC heap before
{Heap before GC invocations=114 (full 13):
 PSYoungGen      total 52224K, used 49603K [0x00000007bc400000, 0x00000007c0000000, 0x00000007c0000000)
  eden space 43008K, 100% used [0x00000007bc400000,0x00000007bee00000,0x00000007bee00000)
  from space 9216K, 71% used [0x00000007bf700000,0x00000007bfd70ff8,0x00000007c0000000)
  to   space 9216K, 0% used [0x00000007bee00000,0x00000007bee00000,0x00000007bf700000)
 ParOldGen       total 236032K, used 58296K [0x0000000700000000, 0x000000070e680000, 0x00000007bc400000)
  object space 236032K, 24% used [0x0000000700000000,0x00000007038ee2a0,0x000000070e680000)
 Metaspace       used 54774K, capacity 55127K, committed 55680K, reserved 1097728K
  class space    used 7620K, capacity 7704K, committed 7808K, reserved 1048576K
Event: 12402.904 GC heap after
Heap after GC invocations=114 (full 13):
 PSYoungGen      total 52224K, used 6120K [0x00000007bc400000, 0x00000007c0000000, 0x00000007c0000000)
  eden space 43008K, 0% used [0x00000007bc400000,0x00000007bc400000,0x00000007bee00000)
  from space 9216K, 66% used [0x00000007bee00000,0x00000007bf3fa2e0,0x00000007bf700000)
  to   space 9216K, 0% used [0x00000007bf700000,0x00000007bf700000,0x00000007c0000000)
 ParOldGen       total 236032K, used 58528K [0x0000000700000000, 0x000000070e680000, 0x00000007bc400000)
  object space 236032K, 24% used [0x0000000700000000,0x00000007039282b0,0x000000070e680000)
 Metaspace       used 54774K, capacity 55127K, committed 55680K, reserved 1097728K
  class space    used 7620K, capacity 7704K, committed 7808K, reserved 1048576K
}
Event: 12415.153 GC heap before
{Heap before GC invocations=115 (full 13):
 PSYoungGen      total 52224K, used 49128K [0x00000007bc400000, 0x00000007c0000000, 0x00000007c0000000)
  eden space 43008K, 100% used [0x00000007bc400000,0x00000007bee00000,0x00000007bee00000)
  from space 9216K, 66% used [0x00000007bee00000,0x00000007bf3fa2e0,0x00000007bf700000)
  to   space 9216K, 0% used [0x00000007bf700000,0x00000007bf700000,0x00000007c0000000)
 ParOldGen       total 236032K, used 58528K [0x0000000700000000, 0x000000070e680000, 0x00000007bc400000)
  object space 236032K, 24% used [0x0000000700000000,0x00000007039282b0,0x000000070e680000)
 Metaspace       used 54799K, capacity 55127K, committed 55680K, reserved 1097728K
  class space    used 7620K, capacity 7704K, committed 7808K, reserved 1048576K
Event: 12415.158 GC heap after
Heap after GC invocations=115 (full 13):
 PSYoungGen      total 50176K, used 7699K [0x00000007bc400000, 0x00000007c0000000, 0x00000007c0000000)
  eden space 40960K, 0% used [0x00000007bc400000,0x00000007bc400000,0x00000007bec00000)
  from space 9216K, 83% used [0x00000007bf700000,0x00000007bfe84c10,0x00000007c0000000)
  to   space 10240K, 0% used [0x00000007bec00000,0x00000007bec00000,0x00000007bf600000)
 ParOldGen       total 236032K, used 58696K [0x0000000700000000, 0x000000070e680000, 0x00000007bc400000)
  object space 236032K, 24% used [0x0000000700000000,0x00000007039522b0,0x000000070e680000)
 Metaspace       used 54799K, capacity 55127K, committed 55680K, reserved 1097728K
  class space    used 7620K, capacity 7704K, committed 7808K, reserved 1048576K
}
Event: 12422.479 GC heap before
{Heap before GC invocations=116 (full 13):
 PSYoungGen      total 50176K, used 48659K [0x00000007bc400000, 0x00000007c0000000, 0x00000007c0000000)
  eden space 40960K, 100% used [0x00000007bc400000,0x00000007bec00000,0x00000007bec00000)
  from space 9216K, 83% used [0x00000007bf700000,0x00000007bfe84c10,0x00000007c0000000)
  to   space 10240K, 0% used [0x00000007bec00000,0x00000007bec00000,0x00000007bf600000)
 ParOldGen       total 236032K, used 58696K [0x0000000700000000, 0x000000070e680000, 0x00000007bc400000)
  object space 236032K, 24% used [0x0000000700000000,0x00000007039522b0,0x000000070e680000)
 Metaspace       used 54808K, capacity 55127K, committed 55680K, reserved 1097728K
  class space    used 7620K, capacity 7704K, committed 7808K, reserved 1048576K
Event: 12422.483 GC heap after
Heap after GC invocations=116 (full 13):
 PSYoungGen      total 51200K, used 6826K [0x00000007bc400000, 0x00000007c0000000, 0x00000007c0000000)
  eden space 40960K, 0% used [0x00000007bc400000,0x00000007bc400000,0x00000007bec00000)
  from space 10240K, 66% used [0x00000007bec00000,0x00000007bf2aaaa8,0x00000007bf600000)
  to   space 10240K, 0% used [0x00000007bf600000,0x00000007bf600000,0x00000007c0000000)
 ParOldGen       total 236032K, used 59101K [0x0000000700000000, 0x000000070e680000, 0x00000007bc400000)
  object space 236032K, 25% used [0x0000000700000000,0x00000007039b7570,0x000000070e680000)
 Metaspace       used 54808K, capacity 55127K, committed 55680K, reserved 1097728K
  class space    used 7620K, capacity 7704K, committed 7808K, reserved 1048576K
}
Event: 12487.776 GC heap before
{Heap before GC invocations=117 (full 13):
 PSYoungGen      total 51200K, used 47786K [0x00000007bc400000, 0x00000007c0000000, 0x00000007c0000000)
  eden space 40960K, 100% used [0x00000007bc400000,0x00000007bec00000,0x00000007bec00000)
  from space 10240K, 66% used [0x00000007bec00000,0x00000007bf2aaaa8,0x00000007bf600000)
  to   space 10240K, 0% used [0x00000007bf600000,0x00000007bf600000,0x00000007c0000000)
 ParOldGen       total 236032K, used 59101K [0x0000000700000000, 0x000000070e680000, 0x00000007bc400000)
  object space 236032K, 25% used [0x0000000700000000,0x00000007039b7570,0x000000070e680000)
 Metaspace       used 54830K, capacity 55191K, committed 55680K, reserved 1097728K
  class space    used 7620K, capacity 7704K, committed 7808K, reserved 1048576K
Event: 12487.782 GC heap after
Heap after GC invocations=117 (full 13):
 PSYoungGen      total 50176K, used 7845K [0x00000007bc400000, 0x00000007c0000000, 0x00000007c0000000)
  eden space 39936K, 0% used [0x00000007bc400000,0x00000007bc400000,0x00000007beb00000)
  from space 10240K, 76% used [0x00000007bf600000,0x00000007bfda9748,0x00000007c0000000)
  to   space 10752K, 0% used [0x00000007beb00000,0x00000007beb00000,0x00000007bf580000)
 ParOldGen       total 236032K, used 59385K [0x0000000700000000, 0x000000070e680000, 0x00000007bc400000)
  object space 236032K, 25% used [0x0000000700000000,0x00000007039fe580,0x000000070e680000)
 Metaspace       used 54830K, capacity 55191K, committed 55680K, reserved 1097728K
  class space    used 7620K, capacity 7704K, committed 7808K, reserved 1048576K
}

